TN:
SF:src/modules/appointments/services/CreateAppointmentService.ts
FN:17,(anonymous_18)
FN:18,CreateAppointmentService
FN:23,(anonymous_20)
FNF:3
FNH:0
FNDA:0,(anonymous_18)
FNDA:0,CreateAppointmentService
FNDA:0,(anonymous_20)
DA:2,0
DA:3,0
DA:5,0
DA:17,0
DA:20,0
DA:23,0
DA:24,0
DA:26,0
DA:27,0
DA:30,0
DA:31,0
DA:34,0
DA:38,0
DA:39,0
DA:42,0
DA:43,0
DA:46,0
DA:52,0
DA:54,0
DA:56,0
LF:20
LH:0
BRDA:26,0,0,0
BRDA:26,0,1,0
BRDA:30,1,0,0
BRDA:30,1,1,0
BRDA:38,2,0,0
BRDA:38,2,1,0
BRDA:42,3,0,0
BRDA:42,3,1,0
BRDA:42,4,0,0
BRDA:42,4,1,0
BRF:10
BRH:0
end_of_record
TN:
SF:src/modules/appointments/services/ListProviderAppointmentsSevice.ts
FN:16,(anonymous_17)
FN:17,ListProviderAppointmentsSevice
FN:22,(anonymous_19)
FNF:3
FNH:3
FNDA:1,(anonymous_17)
FNDA:1,ListProviderAppointmentsSevice
FNDA:1,(anonymous_19)
DA:2,1
DA:16,1
DA:19,1
DA:22,1
DA:23,1
DA:27,1
DA:29,1
LF:7
LH:7
BRDA:23,0,0,1
BRF:1
BRH:1
end_of_record
TN:
SF:src/modules/appointments/services/ListProviderDayAvaiabilityService.ts
FN:20,(anonymous_17)
FN:21,ListProviderDayAvaiabilityService
FN:26,(anonymous_19)
FN:38,(anonymous_22)
FN:43,(anonymous_23)
FN:45,(anonymous_24)
FNF:6
FNH:0
FNDA:0,(anonymous_17)
FNDA:0,ListProviderDayAvaiabilityService
FNDA:0,(anonymous_19)
FNDA:0,(anonymous_22)
FNDA:0,(anonymous_23)
FNDA:0,(anonymous_24)
DA:2,0
DA:3,0
DA:20,0
DA:23,0
DA:26,0
DA:27,0
DA:34,0
DA:36,0
DA:38,0
DA:41,0
DA:43,0
DA:44,0
DA:45,0
DA:48,0
DA:50,0
DA:56,0
DA:58,0
LF:17
LH:0
BRDA:27,0,0,0
BRDA:52,1,0,0
BRDA:52,1,1,0
BRF:3
BRH:0
end_of_record
TN:
SF:src/modules/appointments/services/ListProviderMonthAvaliabilityService.ts
FN:19,(anonymous_17)
FN:20,ListProvidersService
FN:25,(anonymous_19)
FN:37,(anonymous_22)
FN:40,(anonymous_23)
FN:41,(anonymous_24)
FNF:6
FNH:0
FNDA:0,(anonymous_17)
FNDA:0,ListProvidersService
FNDA:0,(anonymous_19)
FNDA:0,(anonymous_22)
FNDA:0,(anonymous_23)
FNDA:0,(anonymous_24)
DA:2,0
DA:3,0
DA:19,0
DA:22,0
DA:25,0
DA:27,0
DA:33,0
DA:35,0
DA:37,0
DA:40,0
DA:41,0
DA:42,0
DA:45,0
DA:51,0
DA:53,0
LF:15
LH:0
BRDA:27,0,0,0
BRF:1
BRH:0
end_of_record
TN:
SF:src/modules/appointments/services/ListProvidersService.ts
FN:16,(anonymous_17)
FN:17,ListProvidersService
FN:22,(anonymous_19)
FNF:3
FNH:0
FNDA:0,(anonymous_17)
FNDA:0,ListProvidersService
FNDA:0,(anonymous_19)
DA:3,0
DA:16,0
DA:19,0
DA:22,0
DA:23,0
DA:27,0
DA:29,0
LF:7
LH:0
BRDA:23,0,0,0
BRF:1
BRH:0
end_of_record
TN:
SF:src/modules/users/services/AuthenticateUserService.ts
FN:22,(anonymous_18)
FN:23,AuthenticateUserService
FN:31,(anonymous_20)
FNF:3
FNH:0
FNDA:0,(anonymous_18)
FNDA:0,AuthenticateUserService
FNDA:0,(anonymous_20)
DA:1,0
DA:2,0
DA:4,0
DA:9,0
DA:22,0
DA:25,0
DA:28,0
DA:31,0
DA:32,0
DA:34,0
DA:35,0
DA:38,0
DA:40,0
DA:41,0
DA:44,0
DA:46,0
DA:51,0
DA:56,0
DA:58,0
LF:19
LH:0
BRDA:32,0,0,0
BRDA:34,1,0,0
BRDA:34,1,1,0
BRDA:40,2,0,0
BRDA:40,2,1,0
BRF:5
BRH:0
end_of_record
TN:
SF:src/modules/users/services/CreateUserService.ts
FN:16,(anonymous_18)
FN:17,CreateUserService
FN:25,(anonymous_20)
FNF:3
FNH:0
FNDA:0,(anonymous_18)
FNDA:0,CreateUserService
FNDA:0,(anonymous_20)
DA:1,0
DA:3,0
DA:16,0
DA:19,0
DA:22,0
DA:25,0
DA:26,0
DA:28,0
DA:29,0
DA:32,0
DA:34,0
DA:40,0
DA:42,0
DA:44,0
LF:14
LH:0
BRDA:26,0,0,0
BRDA:28,1,0,0
BRDA:28,1,1,0
BRF:3
BRH:0
end_of_record
TN:
SF:src/modules/users/services/ResetPasswordService.ts
FN:18,(anonymous_18)
FN:19,ResetPasswordService
FN:33,(anonymous_20)
FNF:3
FNH:0
FNDA:0,(anonymous_18)
FNDA:0,ResetPasswordService
FNDA:0,(anonymous_20)
DA:1,0
DA:2,0
DA:4,0
DA:18,0
DA:21,0
DA:24,0
DA:27,0
DA:30,0
DA:33,0
DA:34,0
DA:36,0
DA:37,0
DA:40,0
DA:42,0
DA:43,0
DA:46,0
DA:47,0
DA:49,0
DA:50,0
DA:53,0
DA:55,0
DA:57,0
LF:22
LH:0
BRDA:34,0,0,0
BRDA:36,1,0,0
BRDA:36,1,1,0
BRDA:42,2,0,0
BRDA:42,2,1,0
BRDA:49,3,0,0
BRDA:49,3,1,0
BRF:7
BRH:0
end_of_record
TN:
SF:src/modules/users/services/SendForgotPasswordEmailService.ts
FN:16,(anonymous_18)
FN:17,SendForgotPasswordEmailService
FN:28,(anonymous_20)
FNF:3
FNH:0
FNDA:0,(anonymous_18)
FNDA:0,SendForgotPasswordEmailService
FNDA:0,(anonymous_20)
DA:1,0
DA:2,0
DA:4,0
DA:16,0
DA:19,0
DA:22,0
DA:25,0
DA:28,0
DA:29,0
DA:31,0
DA:32,0
DA:35,0
DA:37,0
DA:39,0
DA:54,0
LF:15
LH:0
BRDA:29,0,0,0
BRDA:31,1,0,0
BRDA:31,1,1,0
BRF:3
BRH:0
end_of_record
TN:
SF:src/modules/users/services/ShowProfileService.ts
FN:16,(anonymous_18)
FN:17,ShowProfileService
FN:22,(anonymous_20)
FNF:3
FNH:0
FNDA:0,(anonymous_18)
FNDA:0,ShowProfileService
FNDA:0,(anonymous_20)
DA:3,0
DA:5,0
DA:16,0
DA:19,0
DA:22,0
DA:23,0
DA:25,0
DA:26,0
DA:29,0
DA:31,0
LF:10
LH:0
BRDA:23,0,0,0
BRDA:25,1,0,0
BRDA:25,1,1,0
BRF:3
BRH:0
end_of_record
TN:
SF:src/modules/users/services/UpdateProfileService.ts
FN:20,(anonymous_18)
FN:21,UpdateProfileService
FN:29,(anonymous_20)
FNF:3
FNH:0
FNDA:0,(anonymous_18)
FNDA:0,UpdateProfileService
FNDA:0,(anonymous_20)
DA:2,0
DA:4,0
DA:20,0
DA:23,0
DA:26,0
DA:29,0
DA:30,0
DA:32,0
DA:33,0
DA:36,0
DA:38,0
DA:39,0
DA:42,0
DA:43,0
DA:46,0
DA:47,0
DA:52,0
DA:53,0
DA:56,0
DA:59,0
DA:60,0
DA:62,0
DA:64,0
LF:23
LH:0
BRDA:30,0,0,0
BRDA:32,1,0,0
BRDA:32,1,1,0
BRDA:38,2,0,0
BRDA:38,2,1,0
BRDA:38,3,0,0
BRDA:38,3,1,0
BRDA:42,4,0,0
BRDA:42,4,1,0
BRDA:42,5,0,0
BRDA:42,5,1,0
BRDA:46,6,0,0
BRDA:46,6,1,0
BRDA:46,7,0,0
BRDA:46,7,1,0
BRDA:52,8,0,0
BRDA:52,8,1,0
BRF:17
BRH:0
end_of_record
TN:
SF:src/modules/users/services/UpdateUserAvatarService.ts
FN:15,(anonymous_18)
FN:16,UpdateUserAvatarService
FN:24,(anonymous_20)
FNF:3
FNH:0
FNDA:0,(anonymous_18)
FNDA:0,UpdateUserAvatarService
FNDA:0,(anonymous_20)
DA:2,0
DA:6,0
DA:15,0
DA:18,0
DA:21,0
DA:24,0
DA:25,0
DA:27,0
DA:28,0
DA:31,0
DA:32,0
DA:35,0
DA:37,0
DA:39,0
DA:41,0
DA:43,0
DA:45,0
LF:17
LH:0
BRDA:25,0,0,0
BRDA:25,0,1,0
BRDA:27,1,0,0
BRDA:27,1,1,0
BRDA:31,2,0,0
BRDA:31,2,1,0
BRF:6
BRH:0
end_of_record
